<?xml version="1.0" encoding="UTF-8"?>
<testng-results skipped="0" failed="0" ignored="0" total="2" passed="2">
  <reporter-output>
  </reporter-output>
  <suite name="Coding Challange" duration-ms="26966" started-at="2019-09-15T00:03:14 IST" finished-at="2019-09-15T00:03:40 IST">
    <groups>
    </groups>
    <test name="Amazon cart" duration-ms="26966" started-at="2019-09-15T00:03:14 IST" finished-at="2019-09-15T00:03:40 IST">
      <class name="com.challange.test.HomePageTest">
        <test-method status="PASS" signature="setUp()[pri:0, instance:com.challange.test.HomePageTest@6321e813]" name="setUp" is-config="true" duration-ms="7992" started-at="2019-09-15T00:03:14 IST" finished-at="2019-09-15T00:03:22 IST">
          <reporter-output>
          </reporter-output>
        </test-method> <!-- setUp -->
        <test-method status="PASS" signature="verifyHomePageTitle()[pri:1, instance:com.challange.test.HomePageTest@6321e813]" name="verifyHomePageTitle" duration-ms="30" started-at="2019-09-15T00:03:22 IST" finished-at="2019-09-15T00:03:22 IST">
          <reporter-output>
          </reporter-output>
        </test-method> <!-- verifyHomePageTitle -->
        <test-method status="PASS" signature="addBestSellerHeadphonesToCart()[pri:2, instance:com.challange.test.HomePageTest@6321e813]" name="addBestSellerHeadphonesToCart" duration-ms="16970" started-at="2019-09-15T00:03:22 IST" finished-at="2019-09-15T00:03:39 IST">
          <reporter-output>
          </reporter-output>
        </test-method> <!-- addBestSellerHeadphonesToCart -->
        <test-method status="PASS" signature="tearDown()[pri:0, instance:com.challange.test.HomePageTest@6321e813]" name="tearDown" is-config="true" duration-ms="1900" started-at="2019-09-15T00:03:39 IST" finished-at="2019-09-15T00:03:40 IST">
          <reporter-output>
          </reporter-output>
        </test-method> <!-- tearDown -->
      </class> <!-- com.challange.test.HomePageTest -->
    </test> <!-- Amazon cart -->
  </suite> <!-- Coding Challange -->
</testng-results>
