<?xml version="1.0" encoding="UTF-8"?>
<!-- Generated by org.testng.reporters.JUnitXMLReporter -->
<testsuite hostname="Anjeshs-MacBook-Air.local" ignored="0" name="Default test" tests="2" failures="0" timestamp="2019-09-15T00:02:19 IST" time="30.559" errors="0">
  <testcase name="verifyHomePageTitle" time="0.037" classname="com.challange.test.HomePageTest"/>
  <testcase name="addBestSellerHeadphonesToCart" time="16.978" classname="com.challange.test.HomePageTest"/>
</testsuite> <!-- Default test -->
