<?xml version="1.0" encoding="UTF-8"?>
<!-- Generated by org.testng.reporters.JUnitXMLReporter -->
<testsuite hostname="Anjeshs-MacBook-Air.local" ignored="0" name="Amazon cart" tests="2" failures="0" timestamp="2019-09-15T00:03:41 IST" time="26.966" errors="0">
  <testcase name="verifyHomePageTitle" time="0.03" classname="com.challange.test.HomePageTest"/>
  <testcase name="addBestSellerHeadphonesToCart" time="16.97" classname="com.challange.test.HomePageTest"/>
</testsuite> <!-- Amazon cart -->
